Autor: Guillermo Fernandez Romero
Fecha: 3-Mayo-2023 15:09
# | Caracter
include | Identificador
< | OperadorRelacional
stdio | Identificador
. | Caracter
h | Identificador
> | OperadorRelacional
# | Caracter
include | Identificador
< | OperadorRelacional
math | Identificador
. | Caracter
h | Identificador
> | OperadorRelacional
int | TipoDato
altura | Identificador
, | Caracter
i | Identificador
, | Caracter
j | Identificador
; | FinSentencia
float | TipoDato
x | Identificador
, | Caracter
y | Identificador
; | FinSentencia
void | Identificador
main | Identificador
( | Caracter
) | Caracter
{ | Inicio
y | Identificador
= | Asignacion
10 | Numero
; | FinSentencia
x | Identificador
= | Asignacion
9 | Numero
; | FinSentencia
x | Identificador
+= | IncrementoTermino
( | Caracter
3 | Numero
+ | OperadorTermino
5 | Numero
) | Caracter
* | OperadorFactor
8 | Numero
- | OperadorTermino
( | Caracter
10 | Numero
- | OperadorTermino
4 | Numero
) | Caracter
/ | OperadorFactor
2 | Numero
; | FinSentencia
x | Identificador
/= | IncrementoFactor
( | Caracter
y | Identificador
- | OperadorTermino
3 | Numero
) | Caracter
; | FinSentencia
x | Identificador
-- | IncrementoTermino
; | FinSentencia
x | Identificador
*= | IncrementoFactor
( | Caracter
x | Identificador
- | OperadorTermino
7 | Numero
) | Caracter
; | FinSentencia
printf | Identificador
( | Caracter
"\nValor de altura = " | Cadena
) | Caracter
; | FinSentencia
scanf | Identificador
( | Caracter
& | Caracter
altura | Identificador
) | Caracter
; | FinSentencia
for | Ciclo
( | Caracter
i | Identificador
= | Asignacion
1 | Numero
; | FinSentencia
i | Identificador
<= | OperadorRelacional
altura | Identificador
; | FinSentencia
i | Identificador
++ | IncrementoTermino
) | Caracter
{ | Inicio
for | Ciclo
( | Caracter
j | Identificador
= | Asignacion
1 | Numero
; | FinSentencia
j | Identificador
<= | OperadorRelacional
i | Identificador
; | FinSentencia
j | Identificador
++ | IncrementoTermino
) | Caracter
{ | Inicio
printf | Identificador
( | Caracter
j | Identificador
) | Caracter
; | FinSentencia
} | Fin
printf | Identificador
( | Caracter
"\n" | Cadena
) | Caracter
; | FinSentencia
} | Fin
i | Identificador
= | Asignacion
0 | Numero
; | FinSentencia
do | Ciclo
{ | Inicio
printf | Identificador
( | Caracter
"-" | Cadena
) | Caracter
; | FinSentencia
i | Identificador
++ | IncrementoTermino
; | FinSentencia
} | Fin
while | Ciclo
( | Caracter
i | Identificador
< | OperadorRelacional
altura | Identificador
* | OperadorFactor
2 | Numero
) | Caracter
; | FinSentencia
printf | Identificador
( | Caracter
"\n" | Cadena
) | Caracter
; | FinSentencia
for | Ciclo
( | Caracter
i | Identificador
= | Asignacion
1 | Numero
; | FinSentencia
i | Identificador
<= | OperadorRelacional
altura | Identificador
; | FinSentencia
i | Identificador
++ | IncrementoTermino
) | Caracter
{ | Inicio
j | Identificador
= | Asignacion
1 | Numero
; | FinSentencia
while | Ciclo
( | Caracter
j | Identificador
<= | OperadorRelacional
i | Identificador
) | Caracter
{ | Inicio
printf | Identificador
( | Caracter
j | Identificador
) | Caracter
; | FinSentencia
j | Identificador
++ | IncrementoTermino
; | FinSentencia
} | Fin
printf | Identificador
( | Caracter
"\n" | Cadena
) | Caracter
; | FinSentencia
} | Fin
i | Identificador
= | Asignacion
0 | Numero
; | FinSentencia
do | Ciclo
{ | Inicio
printf | Identificador
( | Caracter
"-" | Cadena
) | Caracter
; | FinSentencia
i | Identificador
++ | IncrementoTermino
; | FinSentencia
} | Fin
while | Ciclo
( | Caracter
i | Identificador
< | OperadorRelacional
altura | Identificador
* | OperadorFactor
2 | Numero
) | Caracter
; | FinSentencia
printf | Identificador
( | Caracter
"\n" | Cadena
) | Caracter
; | FinSentencia
